14:27:08 [INFO] ============================================================
14:27:08 [INFO] TGN CONFIG:
memory_dim: 100
time_dim: 100
embedding_dim: 100
neighbor_size: 6
batch_size: 80
epochs: 30
patience: 6
lr: 0.0007
message_module: identity
aggregator: last

14:27:08 [INFO] ============================================================
14:27:08 [INFO] device=cuda  model=tgn  dataset=elliptic
14:27:18 [INFO] tgn: memory_dim=100  emb=100  neighbor_size=6  bs=80
14:27:18 [INFO] class_weight: [0.5654888153076172, 4.317446708679199]
14:28:25 [INFO] ep 001  train_loss 0.1614  val AUC 0.9820  val F1-anom 0.8216  thr 0.936  *
14:29:32 [INFO] ep 002  train_loss 0.1211  val AUC 0.9868  val F1-anom 0.8423  thr 0.878  *
14:30:39 [INFO] ep 003  train_loss 0.1080  val AUC 0.9864  val F1-anom 0.8064  thr 0.910  
14:31:46 [INFO] ep 004  train_loss 0.0978  val AUC 0.9866  val F1-anom 0.8257  thr 0.954  
14:32:53 [INFO] ep 005  train_loss 0.0876  val AUC 0.9896  val F1-anom 0.8299  thr 0.931  
14:34:01 [INFO] ep 006  train_loss 0.0790  val AUC 0.9898  val F1-anom 0.8326  thr 0.953  
14:35:08 [INFO] ep 007  train_loss 0.0745  val AUC 0.9884  val F1-anom 0.7994  thr 0.857  
14:36:15 [INFO] ep 008  train_loss 0.0711  val AUC 0.9868  val F1-anom 0.7911  thr 0.882  
14:36:15 [INFO] early stop @ epoch 8; best val F1-anom = 0.8423
14:37:01 [INFO] ======================================================================
14:37:01 [INFO] FINAL  dataset=elliptic  model=tgn
14:37:01 [INFO] val  : AUC 0.9868  F1-anom 0.8465
14:37:01 [INFO] test : AUC 0.9043  F1-anom 0.5878  P 0.6235  R 0.5559
14:37:01 [INFO] confusion (test):
[[30646   381]
 [  504   631]]
14:37:01 [INFO] classification report (test):
              precision    recall  f1-score   support

      benign     0.9838    0.9877    0.9858     31027
     anomaly     0.6235    0.5559    0.5878      1135

    accuracy                         0.9725     32162
   macro avg     0.8037    0.7718    0.7868     32162
weighted avg     0.9711    0.9725    0.9717     32162

