13:45:15 [INFO] ============================================================
13:45:15 [INFO] TGN CONFIG:
memory_dim: 100
time_dim: 100
embedding_dim: 100
neighbor_size: 5
batch_size: 100
epochs: 30
patience: 6
lr: 0.0008
message_module: identity
aggregator: last

13:45:15 [INFO] ============================================================
13:45:15 [INFO] device=cuda  model=tgn  dataset=elliptic
13:45:25 [INFO] tgn: memory_dim=100  emb=100  neighbor_size=5  bs=100
13:45:25 [INFO] class_weight: [0.5654888153076172, 4.317446708679199]
13:46:24 [INFO] ep 001  train_loss 0.1616  val AUC 0.9839  val F1-anom 0.8150  thr 0.909  *
13:47:23 [INFO] ep 002  train_loss 0.1204  val AUC 0.9842  val F1-anom 0.8164  thr 0.950  *
13:48:22 [INFO] ep 003  train_loss 0.1036  val AUC 0.9842  val F1-anom 0.7853  thr 0.940  
13:49:21 [INFO] ep 004  train_loss 0.0911  val AUC 0.9824  val F1-anom 0.7569  thr 0.940  
13:50:20 [INFO] ep 005  train_loss 0.0858  val AUC 0.9826  val F1-anom 0.7839  thr 0.957  
13:51:19 [INFO] ep 006  train_loss 0.0807  val AUC 0.9827  val F1-anom 0.8092  thr 0.959  
13:52:18 [INFO] ep 007  train_loss 0.0777  val AUC 0.9866  val F1-anom 0.8476  thr 0.909  *
13:53:18 [INFO] ep 008  train_loss 0.0733  val AUC 0.9863  val F1-anom 0.8390  thr 0.992  
13:54:17 [INFO] ep 009  train_loss 0.0688  val AUC 0.9871  val F1-anom 0.8420  thr 0.973  
13:55:17 [INFO] ep 010  train_loss 0.0668  val AUC 0.9880  val F1-anom 0.8465  thr 0.986  
13:56:16 [INFO] ep 011  train_loss 0.0617  val AUC 0.9873  val F1-anom 0.8377  thr 0.988  
13:57:15 [INFO] ep 012  train_loss 0.0600  val AUC 0.9848  val F1-anom 0.8014  thr 0.976  
13:58:14 [INFO] ep 013  train_loss 0.0567  val AUC 0.9870  val F1-anom 0.8349  thr 0.977  
13:58:14 [INFO] early stop @ epoch 13; best val F1-anom = 0.8476
13:58:56 [INFO] ======================================================================
13:58:56 [INFO] FINAL  dataset=elliptic  model=tgn
13:58:56 [INFO] val  : AUC 0.9861  F1-anom 0.8554
13:58:56 [INFO] test : AUC 0.9067  F1-anom 0.6282  P 0.7865  R 0.5229
13:58:56 [INFO] confusion (test):
[[30004   158]
 [  531   582]]
13:58:56 [INFO] classification report (test):
              precision    recall  f1-score   support

      benign     0.9826    0.9948    0.9886     30162
     anomaly     0.7865    0.5229    0.6282      1113

    accuracy                         0.9780     31275
   macro avg     0.8845    0.7588    0.8084     31275
weighted avg     0.9756    0.9780    0.9758     31275

