23:34:59 [INFO] device=cuda  model=h2gcn  dataset=yelp
23:35:00 [INFO] dataset stats: {'nodes': 45954, 'edges': 7693958, 'features': 32, 'anomalous': 6677, 'benign': 39277, 'anomaly_rate': 0.1453, 'train_nodes': 18381, 'val_nodes': 9191, 'test_nodes': 18382}
23:35:00 [INFO] edge homophily (labeled endpoints): 0.7730
23:35:01 [INFO] class_weight: [0.5850095748901367, 3.4408462047576904]
23:35:01 [INFO] model:
H2GCN(
  (embed): Linear(in_features=32, out_features=64, bias=True)
  (bn): BatchNorm1d(64, eps=1e-05, momentum=0.1, affine=True, track_running_stats=True)
  (classifier): Sequential(
    (0): Linear(in_features=320, out_features=64, bias=True)
    (1): ReLU()
    (2): Dropout(p=0.4, inplace=False)
    (3): Linear(in_features=64, out_features=2, bias=True)
  )
)
23:35:49 [INFO] ep 001  loss 0.6015  val AUC 0.8110  val F1-anom 0.4612  thr 0.591  *
23:36:37 [INFO] ep 002  loss 0.5548  val AUC 0.8408  val F1-anom 0.5135  thr 0.621  *
23:37:26 [INFO] ep 003  loss 0.5245  val AUC 0.8508  val F1-anom 0.5260  thr 0.587  *
23:38:15 [INFO] ep 004  loss 0.5136  val AUC 0.8487  val F1-anom 0.5308  thr 0.774  *
23:39:04 [INFO] ep 005  loss 0.5146  val AUC 0.8539  val F1-anom 0.5328  thr 0.686  *
23:39:53 [INFO] ep 006  loss 0.5132  val AUC 0.8408  val F1-anom 0.5024  thr 0.510  
23:40:41 [INFO] ep 007  loss 0.5061  val AUC 0.7511  val F1-anom 0.4106  thr 0.528  
23:41:30 [INFO] ep 008  loss 0.5073  val AUC 0.8461  val F1-anom 0.5218  thr 0.575  
23:42:20 [INFO] ep 009  loss 0.5068  val AUC 0.8513  val F1-anom 0.5265  thr 0.762  
23:43:09 [INFO] ep 010  loss 0.5005  val AUC 0.8541  val F1-anom 0.5359  thr 0.630  *
23:43:57 [INFO] ep 011  loss 0.5037  val AUC 0.8519  val F1-anom 0.5260  thr 0.631  
23:44:46 [INFO] ep 012  loss 0.5050  val AUC 0.8552  val F1-anom 0.5362  thr 0.709  *
23:45:34 [INFO] ep 013  loss 0.5071  val AUC 0.8535  val F1-anom 0.5287  thr 0.630  
23:46:23 [INFO] ep 014  loss 0.4988  val AUC 0.8496  val F1-anom 0.5246  thr 0.692  
23:47:12 [INFO] ep 015  loss 0.5068  val AUC 0.8547  val F1-anom 0.5273  thr 0.657  
23:48:01 [INFO] ep 016  loss 0.5047  val AUC 0.8552  val F1-anom 0.5428  thr 0.650  *
23:48:49 [INFO] ep 017  loss 0.5052  val AUC 0.8558  val F1-anom 0.5349  thr 0.742  
23:49:37 [INFO] ep 018  loss 0.5049  val AUC 0.8552  val F1-anom 0.5365  thr 0.644  
23:50:26 [INFO] ep 019  loss 0.5022  val AUC 0.8530  val F1-anom 0.5344  thr 0.704  
23:51:15 [INFO] ep 020  loss 0.5010  val AUC 0.8507  val F1-anom 0.5266  thr 0.694  
23:52:05 [INFO] ep 021  loss 0.5030  val AUC 0.8498  val F1-anom 0.5267  thr 0.542  
23:52:53 [INFO] ep 022  loss 0.5064  val AUC 0.8426  val F1-anom 0.5137  thr 0.696  
23:53:42 [INFO] ep 023  loss 0.4975  val AUC 0.8576  val F1-anom 0.5344  thr 0.700  
23:54:31 [INFO] ep 024  loss 0.4962  val AUC 0.8587  val F1-anom 0.5410  thr 0.629  
23:55:19 [INFO] ep 025  loss 0.4923  val AUC 0.8555  val F1-anom 0.5366  thr 0.597  
23:56:08 [INFO] ep 026  loss 0.4921  val AUC 0.8565  val F1-anom 0.5346  thr 0.595  
23:56:57 [INFO] ep 027  loss 0.4903  val AUC 0.8511  val F1-anom 0.5314  thr 0.797  
23:57:45 [INFO] ep 028  loss 0.4877  val AUC 0.8553  val F1-anom 0.5362  thr 0.638  
23:58:34 [INFO] ep 029  loss 0.4893  val AUC 0.8566  val F1-anom 0.5383  thr 0.619  
23:59:23 [INFO] ep 030  loss 0.4840  val AUC 0.8620  val F1-anom 0.5485  thr 0.687  *
00:00:12 [INFO] ep 031  loss 0.4857  val AUC 0.8600  val F1-anom 0.5392  thr 0.679  
00:01:00 [INFO] ep 032  loss 0.4875  val AUC 0.8629  val F1-anom 0.5487  thr 0.652  *
00:01:48 [INFO] ep 033  loss 0.4860  val AUC 0.8594  val F1-anom 0.5420  thr 0.626  
00:02:37 [INFO] ep 034  loss 0.4817  val AUC 0.8599  val F1-anom 0.5435  thr 0.747  
00:03:26 [INFO] ep 035  loss 0.4818  val AUC 0.8625  val F1-anom 0.5444  thr 0.643  
00:04:13 [INFO] ep 036  loss 0.4826  val AUC 0.8623  val F1-anom 0.5543  thr 0.712  *
00:05:02 [INFO] ep 037  loss 0.4803  val AUC 0.8610  val F1-anom 0.5505  thr 0.570  
00:05:50 [INFO] ep 038  loss 0.4845  val AUC 0.8648  val F1-anom 0.5564  thr 0.629  *
00:06:38 [INFO] ep 039  loss 0.4866  val AUC 0.8617  val F1-anom 0.5513  thr 0.623  
00:07:26 [INFO] ep 040  loss 0.4787  val AUC 0.8650  val F1-anom 0.5467  thr 0.684  
00:08:15 [INFO] ep 041  loss 0.4806  val AUC 0.8619  val F1-anom 0.5520  thr 0.667  
00:09:04 [INFO] ep 042  loss 0.4842  val AUC 0.8640  val F1-anom 0.5540  thr 0.745  
00:09:52 [INFO] ep 043  loss 0.4809  val AUC 0.8619  val F1-anom 0.5519  thr 0.617  
00:10:41 [INFO] ep 044  loss 0.4786  val AUC 0.8611  val F1-anom 0.5440  thr 0.652  
00:11:29 [INFO] ep 045  loss 0.4827  val AUC 0.8639  val F1-anom 0.5505  thr 0.591  
00:12:17 [INFO] ep 046  loss 0.4779  val AUC 0.8659  val F1-anom 0.5558  thr 0.728  
00:13:05 [INFO] ep 047  loss 0.4740  val AUC 0.8676  val F1-anom 0.5623  thr 0.663  *
00:13:54 [INFO] ep 048  loss 0.4765  val AUC 0.8682  val F1-anom 0.5587  thr 0.678  
00:14:42 [INFO] ep 049  loss 0.4748  val AUC 0.8676  val F1-anom 0.5560  thr 0.649  
00:15:30 [INFO] ep 050  loss 0.4760  val AUC 0.8674  val F1-anom 0.5556  thr 0.613  
00:16:19 [INFO] ep 051  loss 0.4741  val AUC 0.8661  val F1-anom 0.5536  thr 0.709  
00:17:07 [INFO] ep 052  loss 0.4733  val AUC 0.8673  val F1-anom 0.5620  thr 0.674  
00:17:55 [INFO] ep 053  loss 0.4719  val AUC 0.8669  val F1-anom 0.5572  thr 0.710  
00:18:44 [INFO] ep 054  loss 0.4743  val AUC 0.8654  val F1-anom 0.5515  thr 0.642  
00:19:32 [INFO] ep 055  loss 0.4676  val AUC 0.8683  val F1-anom 0.5571  thr 0.675  
00:20:21 [INFO] ep 056  loss 0.4674  val AUC 0.8689  val F1-anom 0.5608  thr 0.682  
00:21:10 [INFO] ep 057  loss 0.4702  val AUC 0.8675  val F1-anom 0.5562  thr 0.650  
00:21:58 [INFO] ep 058  loss 0.4710  val AUC 0.8674  val F1-anom 0.5602  thr 0.658  
00:22:47 [INFO] ep 059  loss 0.4726  val AUC 0.8679  val F1-anom 0.5578  thr 0.671  
00:23:35 [INFO] ep 060  loss 0.4700  val AUC 0.8672  val F1-anom 0.5652  thr 0.678  *
00:24:24 [INFO] ep 061  loss 0.4696  val AUC 0.8687  val F1-anom 0.5629  thr 0.632  
00:25:13 [INFO] ep 062  loss 0.4713  val AUC 0.8668  val F1-anom 0.5564  thr 0.665  
00:26:01 [INFO] ep 063  loss 0.4715  val AUC 0.8671  val F1-anom 0.5630  thr 0.669  
00:26:50 [INFO] ep 064  loss 0.4722  val AUC 0.8675  val F1-anom 0.5594  thr 0.648  
00:27:38 [INFO] ep 065  loss 0.4659  val AUC 0.8663  val F1-anom 0.5588  thr 0.631  
00:28:27 [INFO] ep 066  loss 0.4671  val AUC 0.8691  val F1-anom 0.5637  thr 0.686  
00:29:15 [INFO] ep 067  loss 0.4692  val AUC 0.8681  val F1-anom 0.5619  thr 0.665  
00:30:04 [INFO] ep 068  loss 0.4649  val AUC 0.8686  val F1-anom 0.5653  thr 0.702  *
00:30:52 [INFO] ep 069  loss 0.4688  val AUC 0.8673  val F1-anom 0.5611  thr 0.638  
00:31:40 [INFO] ep 070  loss 0.4654  val AUC 0.8676  val F1-anom 0.5576  thr 0.658  
00:32:28 [INFO] ep 071  loss 0.4685  val AUC 0.8691  val F1-anom 0.5602  thr 0.683  
00:33:16 [INFO] ep 072  loss 0.4649  val AUC 0.8676  val F1-anom 0.5595  thr 0.669  
00:34:05 [INFO] ep 073  loss 0.4660  val AUC 0.8695  val F1-anom 0.5601  thr 0.672  
00:34:53 [INFO] ep 074  loss 0.4660  val AUC 0.8682  val F1-anom 0.5669  thr 0.646  *
00:35:42 [INFO] ep 075  loss 0.4683  val AUC 0.8689  val F1-anom 0.5626  thr 0.671  
00:36:30 [INFO] ep 076  loss 0.4661  val AUC 0.8685  val F1-anom 0.5612  thr 0.662  
00:37:18 [INFO] ep 077  loss 0.4689  val AUC 0.8680  val F1-anom 0.5623  thr 0.670  
00:38:07 [INFO] ep 078  loss 0.4673  val AUC 0.8688  val F1-anom 0.5584  thr 0.650  
00:38:55 [INFO] ep 079  loss 0.4663  val AUC 0.8684  val F1-anom 0.5601  thr 0.666  
00:39:44 [INFO] ep 080  loss 0.4674  val AUC 0.8690  val F1-anom 0.5619  thr 0.652  
00:40:33 [INFO] ep 081  loss 0.4670  val AUC 0.8682  val F1-anom 0.5625  thr 0.629  
00:41:21 [INFO] ep 082  loss 0.4634  val AUC 0.8687  val F1-anom 0.5574  thr 0.603  
00:42:10 [INFO] ep 083  loss 0.4681  val AUC 0.8682  val F1-anom 0.5599  thr 0.631  
00:42:58 [INFO] ep 084  loss 0.4671  val AUC 0.8697  val F1-anom 0.5614  thr 0.700  
00:43:45 [INFO] ep 085  loss 0.4680  val AUC 0.8691  val F1-anom 0.5670  thr 0.681  
00:44:33 [INFO] ep 086  loss 0.4694  val AUC 0.8688  val F1-anom 0.5681  thr 0.666  *
00:45:22 [INFO] ep 087  loss 0.4688  val AUC 0.8685  val F1-anom 0.5584  thr 0.654  
00:46:09 [INFO] ep 088  loss 0.4700  val AUC 0.8689  val F1-anom 0.5617  thr 0.699  
00:46:57 [INFO] ep 089  loss 0.4671  val AUC 0.8700  val F1-anom 0.5662  thr 0.645  
00:47:45 [INFO] ep 090  loss 0.4694  val AUC 0.8690  val F1-anom 0.5615  thr 0.670  
00:48:33 [INFO] ep 091  loss 0.4697  val AUC 0.8682  val F1-anom 0.5583  thr 0.613  
00:49:21 [INFO] ep 092  loss 0.4682  val AUC 0.8683  val F1-anom 0.5608  thr 0.646  
00:50:08 [INFO] ep 093  loss 0.4657  val AUC 0.8687  val F1-anom 0.5640  thr 0.649  
00:50:56 [INFO] ep 094  loss 0.4662  val AUC 0.8696  val F1-anom 0.5645  thr 0.665  
00:51:44 [INFO] ep 095  loss 0.4652  val AUC 0.8679  val F1-anom 0.5615  thr 0.673  
00:52:32 [INFO] ep 096  loss 0.4668  val AUC 0.8685  val F1-anom 0.5588  thr 0.640  
00:53:20 [INFO] ep 097  loss 0.4667  val AUC 0.8686  val F1-anom 0.5601  thr 0.672  
00:54:08 [INFO] ep 098  loss 0.4650  val AUC 0.8699  val F1-anom 0.5630  thr 0.703  
00:54:56 [INFO] ep 099  loss 0.4664  val AUC 0.8685  val F1-anom 0.5630  thr 0.667  
00:55:44 [INFO] ep 100  loss 0.4728  val AUC 0.8685  val F1-anom 0.5657  thr 0.628  
00:56:00 [INFO] ======================================================================
00:56:00 [INFO] FINAL  dataset=yelp  model=h2gcn
00:56:00 [INFO] val  : AUC 0.8682  F1-anom 0.5576  P 0.5266  R 0.5925
00:56:00 [INFO] test : AUC 0.8634  F1-anom 0.5472  P 0.5219  R 0.5751
00:56:00 [INFO] confusion (test):
[[14304  1407]
 [ 1135  1536]]
00:56:00 [INFO] classification report (test):
              precision    recall  f1-score   support

      benign     0.9265    0.9104    0.9184     15711
     anomaly     0.5219    0.5751    0.5472      2671

    accuracy                         0.8617     18382
   macro avg     0.7242    0.7428    0.7328     18382
weighted avg     0.8677    0.8617    0.8645     18382

