22:53:43 [INFO] device=cuda  model=h2gcn  dataset=yelp
22:53:43 [INFO] dataset stats: {'nodes': 45954, 'edges': 7693958, 'features': 32, 'anomalous': 6677, 'benign': 39277, 'anomaly_rate': 0.1453, 'train_nodes': 18381, 'val_nodes': 9191, 'test_nodes': 18382}
22:53:43 [INFO] edge homophily (labeled endpoints): 0.7730
22:53:44 [INFO] class_weight: [0.5850095748901367, 3.4408462047576904]
22:53:44 [INFO] model:
H2GCN(
  (embed): Linear(in_features=32, out_features=64, bias=True)
  (bn): BatchNorm1d(64, eps=1e-05, momentum=0.1, affine=True, track_running_stats=True)
  (classifier): Sequential(
    (0): Linear(in_features=320, out_features=64, bias=True)
    (1): ReLU()
    (2): Dropout(p=0.4, inplace=False)
    (3): Linear(in_features=64, out_features=2, bias=True)
  )
)
22:54:32 [INFO] ep 001  loss 0.6020  val AUC 0.8058  val F1-anom 0.4542  thr 0.505  *
22:55:20 [INFO] ep 002  loss 0.5519  val AUC 0.8423  val F1-anom 0.5143  thr 0.679  *
22:56:08 [INFO] ep 003  loss 0.5230  val AUC 0.8488  val F1-anom 0.5226  thr 0.615  *
22:56:57 [INFO] ep 004  loss 0.5150  val AUC 0.8366  val F1-anom 0.5164  thr 0.698  
22:57:45 [INFO] ep 005  loss 0.5150  val AUC 0.8564  val F1-anom 0.5387  thr 0.688  *
22:58:34 [INFO] ep 006  loss 0.5114  val AUC 0.8479  val F1-anom 0.5203  thr 0.557  
22:59:23 [INFO] ep 007  loss 0.5067  val AUC 0.8422  val F1-anom 0.5100  thr 0.544  
23:00:12 [INFO] ep 008  loss 0.5019  val AUC 0.8600  val F1-anom 0.5439  thr 0.622  *
23:01:01 [INFO] ep 009  loss 0.5050  val AUC 0.8501  val F1-anom 0.5259  thr 0.626  
23:01:50 [INFO] ep 010  loss 0.5020  val AUC 0.8463  val F1-anom 0.5161  thr 0.653  
23:02:39 [INFO] ep 011  loss 0.5020  val AUC 0.8528  val F1-anom 0.5292  thr 0.627  
23:03:29 [INFO] ep 012  loss 0.5042  val AUC 0.8545  val F1-anom 0.5470  thr 0.711  *
23:04:17 [INFO] ep 013  loss 0.5012  val AUC 0.8533  val F1-anom 0.5353  thr 0.638  
23:05:06 [INFO] ep 014  loss 0.5003  val AUC 0.8484  val F1-anom 0.5208  thr 0.657  
23:05:55 [INFO] ep 015  loss 0.5044  val AUC 0.8489  val F1-anom 0.5203  thr 0.654  
23:06:44 [INFO] ep 016  loss 0.5067  val AUC 0.8477  val F1-anom 0.5227  thr 0.559  
23:07:32 [INFO] ep 017  loss 0.5033  val AUC 0.8488  val F1-anom 0.5243  thr 0.762  
23:08:21 [INFO] ep 018  loss 0.5029  val AUC 0.8375  val F1-anom 0.5075  thr 0.921  
23:09:10 [INFO] ep 019  loss 0.4951  val AUC 0.8539  val F1-anom 0.5299  thr 0.639  
23:09:59 [INFO] ep 020  loss 0.4923  val AUC 0.8540  val F1-anom 0.5295  thr 0.708  
23:10:48 [INFO] ep 021  loss 0.4881  val AUC 0.8560  val F1-anom 0.5264  thr 0.761  
23:11:37 [INFO] ep 022  loss 0.4936  val AUC 0.8602  val F1-anom 0.5442  thr 0.725  
23:12:26 [INFO] ep 023  loss 0.4911  val AUC 0.8592  val F1-anom 0.5365  thr 0.768  
23:13:15 [INFO] ep 024  loss 0.4927  val AUC 0.8600  val F1-anom 0.5437  thr 0.641  
23:14:04 [INFO] ep 025  loss 0.4861  val AUC 0.8593  val F1-anom 0.5392  thr 0.671  
23:14:52 [INFO] ep 026  loss 0.4835  val AUC 0.8604  val F1-anom 0.5395  thr 0.630  
23:15:41 [INFO] ep 027  loss 0.4796  val AUC 0.8630  val F1-anom 0.5484  thr 0.711  *
23:16:29 [INFO] ep 028  loss 0.4755  val AUC 0.8612  val F1-anom 0.5497  thr 0.720  *
23:17:18 [INFO] ep 029  loss 0.4826  val AUC 0.8581  val F1-anom 0.5354  thr 0.692  
23:18:07 [INFO] ep 030  loss 0.4807  val AUC 0.8640  val F1-anom 0.5544  thr 0.728  *
23:18:56 [INFO] ep 031  loss 0.4809  val AUC 0.8615  val F1-anom 0.5433  thr 0.696  
23:19:44 [INFO] ep 032  loss 0.4844  val AUC 0.8635  val F1-anom 0.5459  thr 0.675  
23:20:33 [INFO] ep 033  loss 0.4839  val AUC 0.8615  val F1-anom 0.5447  thr 0.700  
23:21:22 [INFO] ep 034  loss 0.4810  val AUC 0.8646  val F1-anom 0.5570  thr 0.762  *
23:22:11 [INFO] ep 035  loss 0.4752  val AUC 0.8641  val F1-anom 0.5506  thr 0.676  
23:22:59 [INFO] ep 036  loss 0.4780  val AUC 0.8619  val F1-anom 0.5560  thr 0.693  
23:23:47 [INFO] ep 037  loss 0.4764  val AUC 0.8640  val F1-anom 0.5558  thr 0.571  
23:24:36 [INFO] ep 038  loss 0.4797  val AUC 0.8647  val F1-anom 0.5559  thr 0.651  
23:25:24 [INFO] ep 039  loss 0.4859  val AUC 0.8621  val F1-anom 0.5520  thr 0.654  
23:26:13 [INFO] ep 040  loss 0.4750  val AUC 0.8647  val F1-anom 0.5444  thr 0.739  
23:27:02 [INFO] ep 041  loss 0.4749  val AUC 0.8646  val F1-anom 0.5563  thr 0.672  
23:27:51 [INFO] ep 042  loss 0.4795  val AUC 0.8645  val F1-anom 0.5556  thr 0.718  
23:28:40 [INFO] ep 043  loss 0.4739  val AUC 0.8665  val F1-anom 0.5568  thr 0.634  
23:29:28 [INFO] ep 044  loss 0.4762  val AUC 0.8664  val F1-anom 0.5569  thr 0.651  
23:30:17 [INFO] ep 045  loss 0.4771  val AUC 0.8655  val F1-anom 0.5512  thr 0.648  
23:31:05 [INFO] ep 046  loss 0.4743  val AUC 0.8648  val F1-anom 0.5548  thr 0.712  
23:31:54 [INFO] ep 047  loss 0.4710  val AUC 0.8681  val F1-anom 0.5598  thr 0.700  *
23:32:42 [INFO] ep 048  loss 0.4705  val AUC 0.8672  val F1-anom 0.5578  thr 0.666  
23:33:31 [INFO] ep 049  loss 0.4735  val AUC 0.8673  val F1-anom 0.5616  thr 0.667  *
